Build started 28-Jul-19 2:36:45 PM.
     1>Project "C:\Users\H\Documents\Asal training 2019\Snake Done Layla\Snake2\Snake2\Snake2.vcxproj" on node 2 (Rebuild target(s)).
     1>ClCompile:
         C:\Users\H\Documents\visualstudio\VC\bin\CL.exe /c /ZI /nologo /W3 /WX- /Od /Oy- /D WIN32 /D _DEBUG /D _WINDOWS /D _UNICODE /D UNICODE /Gm /EHsc /RTC1 /MDd /GS /fp:precise /Zc:wchar_t /Zc:forScope /Fo"Debug\\" /Fd"Debug\vc110.pdb" /Gd /TP /analyze- /errorReport:prompt game.cpp Snake.cpp
         Snake.cpp
         game.cpp
     1>c:\users\h\documents\asal training 2019\snake done layla\snake2\snake2\game.cpp(93): warning C4244: 'argument' : conversion from 'time_t' to 'unsigned int', possible loss of data
     1>c:\users\h\documents\asal training 2019\snake done layla\snake2\snake2\game.cpp(139): warning C4018: '<' : signed/unsigned mismatch
     1>c:\users\h\documents\asal training 2019\snake done layla\snake2\snake2\game.cpp(150): warning C4018: '>' : signed/unsigned mismatch
         Generating Code...
       ResourceCompile:
         C:\Program Files (x86)\Windows Kits\8.0\bin\x86\rc.exe /D _UNICODE /D UNICODE /l"0x0409" /nologo /fo"Debug\Snake.res" Snake.rc 
       Link:
         C:\Users\H\Documents\visualstudio\VC\bin\link.exe /ERRORREPORT:PROMPT /OUT:"C:\Users\H\Documents\Asal training 2019\Snake Done Layla\Snake2\Debug\Snake2.exe" /INCREMENTAL /NOLOGO kernel32.lib user32.lib gdi32.lib winspool.lib comdlg32.lib advapi32.lib shell32.lib ole32.lib oleaut32.lib uuid.lib odbc32.lib odbccp32.lib /MANIFEST /MANIFESTUAC:"level='asInvoker' uiAccess='false'" /manifest:embed /DEBUG /PDB:"C:\Users\H\Documents\Asal training 2019\Snake Done Layla\Snake2\Debug\Snake2.pdb" /SUBSYSTEM:WINDOWS /TLBID:1 /DYNAMICBASE /NXCOMPAT /IMPLIB:"C:\Users\H\Documents\Asal training 2019\Snake Done Layla\Snake2\Debug\Snake2.lib" /MACHINE:X86 Debug\Snake.res
         Debug\game.obj
         Debug\Snake.obj
         Snake2.vcxproj -> C:\Users\H\Documents\Asal training 2019\Snake Done Layla\Snake2\Debug\Snake2.exe
     1>Done Building Project "C:\Users\H\Documents\Asal training 2019\Snake Done Layla\Snake2\Snake2\Snake2.vcxproj" (Rebuild target(s)).

Build succeeded.

Time Elapsed 00:00:13.22
