C:\USERS\H\DOCUMENTS\ASAL TRAINING 2019\SNAKE2\SNAKE2\SNAKE2\DEBUG\GAME.OBJ
C:\USERS\H\DOCUMENTS\ASAL TRAINING 2019\SNAKE2\SNAKE2\SNAKE2\DEBUG\SNAKE.OBJ
C:\USERS\H\DOCUMENTS\ASAL TRAINING 2019\SNAKE2\SNAKE2\SNAKE2\DEBUG\VC110.PDB
C:\USERS\H\DOCUMENTS\ASAL TRAINING 2019\SNAKE2\SNAKE2\DEBUG\SNAKE2.ILK
C:\USERS\H\DOCUMENTS\ASAL TRAINING 2019\SNAKE2\SNAKE2\DEBUG\SNAKE2.EXE
C:\USERS\H\DOCUMENTS\ASAL TRAINING 2019\SNAKE2\SNAKE2\DEBUG\SNAKE2.PDB
C:\USERS\H\DOCUMENTS\ASAL TRAINING 2019\SNAKE2\SNAKE2\SNAKE2\DEBUG\SNAKE.RES
C:\Users\H\Documents\Asal training 2019\Snake Done Layla\Snake2\Snake2\Debug\game.obj
C:\Users\H\Documents\Asal training 2019\Snake Done Layla\Snake2\Snake2\Debug\Snake.obj
C:\Users\H\Documents\Asal training 2019\Snake Done Layla\Snake2\Snake2\Debug\cl.command.1.tlog
C:\Users\H\Documents\Asal training 2019\Snake Done Layla\Snake2\Snake2\Debug\CL.read.1.tlog
C:\Users\H\Documents\Asal training 2019\Snake Done Layla\Snake2\Snake2\Debug\CL.write.1.tlog
C:\Users\H\Documents\Asal training 2019\Snake Done Layla\Snake2\Snake2\Debug\link-cvtres.read.1.tlog
C:\Users\H\Documents\Asal training 2019\Snake Done Layla\Snake2\Snake2\Debug\link-cvtres.write.1.tlog
C:\Users\H\Documents\Asal training 2019\Snake Done Layla\Snake2\Snake2\Debug\link-rc.read.1.tlog
C:\Users\H\Documents\Asal training 2019\Snake Done Layla\Snake2\Snake2\Debug\link-rc.write.1.tlog
C:\Users\H\Documents\Asal training 2019\Snake Done Layla\Snake2\Snake2\Debug\link.10192-cvtres.read.1.tlog
C:\Users\H\Documents\Asal training 2019\Snake Done Layla\Snake2\Snake2\Debug\link.10192-cvtres.write.1.tlog
C:\Users\H\Documents\Asal training 2019\Snake Done Layla\Snake2\Snake2\Debug\link.10192-rc.read.1.tlog
C:\Users\H\Documents\Asal training 2019\Snake Done Layla\Snake2\Snake2\Debug\link.10192-rc.write.1.tlog
C:\Users\H\Documents\Asal training 2019\Snake Done Layla\Snake2\Snake2\Debug\link.10192.read.1.tlog
C:\Users\H\Documents\Asal training 2019\Snake Done Layla\Snake2\Snake2\Debug\link.10192.write.1.tlog
C:\Users\H\Documents\Asal training 2019\Snake Done Layla\Snake2\Snake2\Debug\link.10196-cvtres.read.1.tlog
C:\Users\H\Documents\Asal training 2019\Snake Done Layla\Snake2\Snake2\Debug\link.10196-cvtres.write.1.tlog
C:\Users\H\Documents\Asal training 2019\Snake Done Layla\Snake2\Snake2\Debug\link.10196-rc.read.1.tlog
C:\Users\H\Documents\Asal training 2019\Snake Done Layla\Snake2\Snake2\Debug\link.10196-rc.write.1.tlog
C:\Users\H\Documents\Asal training 2019\Snake Done Layla\Snake2\Snake2\Debug\link.10196.read.1.tlog
C:\Users\H\Documents\Asal training 2019\Snake Done Layla\Snake2\Snake2\Debug\link.10196.write.1.tlog
C:\Users\H\Documents\Asal training 2019\Snake Done Layla\Snake2\Snake2\Debug\link.1180-cvtres.read.1.tlog
C:\Users\H\Documents\Asal training 2019\Snake Done Layla\Snake2\Snake2\Debug\link.1180-cvtres.write.1.tlog
C:\Users\H\Documents\Asal training 2019\Snake Done Layla\Snake2\Snake2\Debug\link.1180-rc.read.1.tlog
C:\Users\H\Documents\Asal training 2019\Snake Done Layla\Snake2\Snake2\Debug\link.1180-rc.write.1.tlog
C:\Users\H\Documents\Asal training 2019\Snake Done Layla\Snake2\Snake2\Debug\link.1180.read.1.tlog
C:\Users\H\Documents\Asal training 2019\Snake Done Layla\Snake2\Snake2\Debug\link.1180.write.1.tlog
C:\Users\H\Documents\Asal training 2019\Snake Done Layla\Snake2\Snake2\Debug\link.156-cvtres.read.1.tlog
C:\Users\H\Documents\Asal training 2019\Snake Done Layla\Snake2\Snake2\Debug\link.156-cvtres.write.1.tlog
C:\Users\H\Documents\Asal training 2019\Snake Done Layla\Snake2\Snake2\Debug\link.156-rc.read.1.tlog
C:\Users\H\Documents\Asal training 2019\Snake Done Layla\Snake2\Snake2\Debug\link.156-rc.write.1.tlog
C:\Users\H\Documents\Asal training 2019\Snake Done Layla\Snake2\Snake2\Debug\link.156.read.1.tlog
C:\Users\H\Documents\Asal training 2019\Snake Done Layla\Snake2\Snake2\Debug\link.156.write.1.tlog
C:\Users\H\Documents\Asal training 2019\Snake Done Layla\Snake2\Snake2\Debug\link.2304-cvtres.read.1.tlog
C:\Users\H\Documents\Asal training 2019\Snake Done Layla\Snake2\Snake2\Debug\link.2304-cvtres.write.1.tlog
C:\Users\H\Documents\Asal training 2019\Snake Done Layla\Snake2\Snake2\Debug\link.2304-rc.read.1.tlog
C:\Users\H\Documents\Asal training 2019\Snake Done Layla\Snake2\Snake2\Debug\link.2304-rc.write.1.tlog
C:\Users\H\Documents\Asal training 2019\Snake Done Layla\Snake2\Snake2\Debug\link.2304.read.1.tlog
C:\Users\H\Documents\Asal training 2019\Snake Done Layla\Snake2\Snake2\Debug\link.2304.write.1.tlog
C:\Users\H\Documents\Asal training 2019\Snake Done Layla\Snake2\Snake2\Debug\link.3572-cvtres.read.1.tlog
C:\Users\H\Documents\Asal training 2019\Snake Done Layla\Snake2\Snake2\Debug\link.3572-cvtres.write.1.tlog
C:\Users\H\Documents\Asal training 2019\Snake Done Layla\Snake2\Snake2\Debug\link.3572-rc.read.1.tlog
C:\Users\H\Documents\Asal training 2019\Snake Done Layla\Snake2\Snake2\Debug\link.3572-rc.write.1.tlog
C:\Users\H\Documents\Asal training 2019\Snake Done Layla\Snake2\Snake2\Debug\link.3572.read.1.tlog
C:\Users\H\Documents\Asal training 2019\Snake Done Layla\Snake2\Snake2\Debug\link.3572.write.1.tlog
C:\Users\H\Documents\Asal training 2019\Snake Done Layla\Snake2\Snake2\Debug\link.4760-cvtres.read.1.tlog
C:\Users\H\Documents\Asal training 2019\Snake Done Layla\Snake2\Snake2\Debug\link.4760-cvtres.write.1.tlog
C:\Users\H\Documents\Asal training 2019\Snake Done Layla\Snake2\Snake2\Debug\link.4760-rc.read.1.tlog
C:\Users\H\Documents\Asal training 2019\Snake Done Layla\Snake2\Snake2\Debug\link.4760-rc.write.1.tlog
C:\Users\H\Documents\Asal training 2019\Snake Done Layla\Snake2\Snake2\Debug\link.4760.read.1.tlog
C:\Users\H\Documents\Asal training 2019\Snake Done Layla\Snake2\Snake2\Debug\link.4760.write.1.tlog
C:\Users\H\Documents\Asal training 2019\Snake Done Layla\Snake2\Snake2\Debug\link.7612-cvtres.read.1.tlog
C:\Users\H\Documents\Asal training 2019\Snake Done Layla\Snake2\Snake2\Debug\link.7612-cvtres.write.1.tlog
C:\Users\H\Documents\Asal training 2019\Snake Done Layla\Snake2\Snake2\Debug\link.7612-rc.read.1.tlog
C:\Users\H\Documents\Asal training 2019\Snake Done Layla\Snake2\Snake2\Debug\link.7612-rc.write.1.tlog
C:\Users\H\Documents\Asal training 2019\Snake Done Layla\Snake2\Snake2\Debug\link.7612.read.1.tlog
C:\Users\H\Documents\Asal training 2019\Snake Done Layla\Snake2\Snake2\Debug\link.7612.write.1.tlog
C:\Users\H\Documents\Asal training 2019\Snake Done Layla\Snake2\Snake2\Debug\link.7924-cvtres.read.1.tlog
C:\Users\H\Documents\Asal training 2019\Snake Done Layla\Snake2\Snake2\Debug\link.7924-cvtres.write.1.tlog
C:\Users\H\Documents\Asal training 2019\Snake Done Layla\Snake2\Snake2\Debug\link.7924-rc.read.1.tlog
C:\Users\H\Documents\Asal training 2019\Snake Done Layla\Snake2\Snake2\Debug\link.7924-rc.write.1.tlog
C:\Users\H\Documents\Asal training 2019\Snake Done Layla\Snake2\Snake2\Debug\link.7924.read.1.tlog
C:\Users\H\Documents\Asal training 2019\Snake Done Layla\Snake2\Snake2\Debug\link.7924.write.1.tlog
C:\Users\H\Documents\Asal training 2019\Snake Done Layla\Snake2\Snake2\Debug\link.7948-cvtres.read.1.tlog
C:\Users\H\Documents\Asal training 2019\Snake Done Layla\Snake2\Snake2\Debug\link.7948-cvtres.write.1.tlog
C:\Users\H\Documents\Asal training 2019\Snake Done Layla\Snake2\Snake2\Debug\link.7948-rc.read.1.tlog
C:\Users\H\Documents\Asal training 2019\Snake Done Layla\Snake2\Snake2\Debug\link.7948-rc.write.1.tlog
C:\Users\H\Documents\Asal training 2019\Snake Done Layla\Snake2\Snake2\Debug\link.7948.read.1.tlog
C:\Users\H\Documents\Asal training 2019\Snake Done Layla\Snake2\Snake2\Debug\link.7948.write.1.tlog
C:\Users\H\Documents\Asal training 2019\Snake Done Layla\Snake2\Snake2\Debug\link.9076-cvtres.read.1.tlog
C:\Users\H\Documents\Asal training 2019\Snake Done Layla\Snake2\Snake2\Debug\link.9076-cvtres.write.1.tlog
C:\Users\H\Documents\Asal training 2019\Snake Done Layla\Snake2\Snake2\Debug\link.9076-rc.read.1.tlog
C:\Users\H\Documents\Asal training 2019\Snake Done Layla\Snake2\Snake2\Debug\link.9076-rc.write.1.tlog
C:\Users\H\Documents\Asal training 2019\Snake Done Layla\Snake2\Snake2\Debug\link.9076.read.1.tlog
C:\Users\H\Documents\Asal training 2019\Snake Done Layla\Snake2\Snake2\Debug\link.9076.write.1.tlog
C:\Users\H\Documents\Asal training 2019\Snake Done Layla\Snake2\Snake2\Debug\link.command.1.tlog
C:\Users\H\Documents\Asal training 2019\Snake Done Layla\Snake2\Snake2\Debug\link.read.1.tlog
C:\Users\H\Documents\Asal training 2019\Snake Done Layla\Snake2\Snake2\Debug\link.write.1.tlog
C:\Users\H\Documents\Asal training 2019\Snake Done Layla\Snake2\Snake2\Debug\rc.command.1.tlog
C:\Users\H\Documents\Asal training 2019\Snake Done Layla\Snake2\Snake2\Debug\rc.read.1.tlog
C:\Users\H\Documents\Asal training 2019\Snake Done Layla\Snake2\Snake2\Debug\rc.write.1.tlog
C:\Users\H\Documents\Asal training 2019\Snake Done Layla\Snake2\Snake2\Debug\Snake.res
C:\Users\H\Documents\Asal training 2019\Snake Done Layla\Snake2\Snake2\Debug\vc110.idb
C:\Users\H\Documents\Asal training 2019\Snake Done Layla\Snake2\Snake2\Debug\vc110.pdb
C:\Users\H\Documents\Asal training 2019\Snake Done Layla\Snake2\Debug\Snake2.pdb
C:\Users\H\Documents\Asal training 2019\Snake Done Layla\Snake2\Debug\Snake2.exe
C:\Users\H\Documents\Asal training 2019\Snake Done Layla\Snake2\Debug\Snake2.ilk
